开始批量获取4月1日-4月17日的完整日报内容...
预计用时：6-8小时

[2026-04-01] 正在获取: https://xiaoxiong20260206.github.io/ai-insight/01-daily-reports/2026-04/2026-04-01-v3.html
  ✓ 已保存: /root/.openclaw/workspace/ai-insight-daily/reference_html/2026-04-01.html (84825 bytes)
[2026-04-02] 正在获取: https://xiaoxiong20260206.github.io/ai-insight/01-daily-reports/2026-04/2026-04-02-v3.html
  ✓ 已保存: /root/.openclaw/workspace/ai-insight-daily/reference_html/2026-04-02.html (89422 bytes)
[2026-04-03] 正在获取: https://xiaoxiong20260206.github.io/ai-insight/01-daily-reports/2026-04/2026-04-03-v3.html
  ✓ 已保存: /root/.openclaw/workspace/ai-insight-daily/reference_html/2026-04-03.html (56202 bytes)
[2026-04-04] 正在获取: https://xiaoxiong20260206.github.io/ai-insight/01-daily-reports/2026-04/2026-04-04-v3.html
  ✓ 已保存: /root/.openclaw/workspace/ai-insight-daily/reference_html/2026-04-04.html (64442 bytes)
[2026-04-05] 正在获取: https://xiaoxiong20260206.github.io/ai-insight/01-daily-reports/2026-04/2026-04-05-v3.html
  ✓ 已保存: /root/.openclaw/workspace/ai-insight-daily/reference_html/2026-04-05.html (73601 bytes)
[2026-04-06] 正在获取: https://xiaoxiong20260206.github.io/ai-insight/01-daily-reports/2026-04/2026-04-06-v3.html
  ✓ 已保存: /root/.openclaw/workspace/ai-insight-daily/reference_html/2026-04-06.html (67950 bytes)
[2026-04-07] 正在获取: https://xiaoxiong20260206.github.io/ai-insight/01-daily-reports/2026-04/2026-04-07-v3.html
  ✓ 已保存: /root/.openclaw/workspace/ai-insight-daily/reference_html/2026-04-07.html (91657 bytes)
[2026-04-08] 正在获取: https://xiaoxiong20260206.github.io/ai-insight/01-daily-reports/2026-04/2026-04-08-v3.html
  ✓ 已保存: /root/.openclaw/workspace/ai-insight-daily/reference_html/2026-04-08.html (93589 bytes)
[2026-04-09] 正在获取: https://xiaoxiong20260206.github.io/ai-insight/01-daily-reports/2026-04/2026-04-09-v3.html
  ✓ 已保存: /root/.openclaw/workspace/ai-insight-daily/reference_html/2026-04-09.html (97435 bytes)
[2026-04-10] 正在获取: https://xiaoxiong20260206.github.io/ai-insight/01-daily-reports/2026-04/2026-04-10-v3.html
  ✓ 已保存: /root/.openclaw/workspace/ai-insight-daily/reference_html/2026-04-10.html (93377 bytes)
[2026-04-11] 正在获取: https://xiaoxiong20260206.github.io/ai-insight/01-daily-reports/2026-04/2026-04-11-v3.html
  ✓ 已保存: /root/.openclaw/workspace/ai-insight-daily/reference_html/2026-04-11.html (72893 bytes)
[2026-04-12] 正在获取: https://xiaoxiong20260206.github.io/ai-insight/01-daily-reports/2026-04/2026-04-12-v3.html
  ✓ 已保存: /root/.openclaw/workspace/ai-insight-daily/reference_html/2026-04-12.html (87565 bytes)
[2026-04-13] 正在获取: https://xiaoxiong20260206.github.io/ai-insight/01-daily-reports/2026-04/2026-04-13-v3.html
  ✓ 已保存: /root/.openclaw/workspace/ai-insight-daily/reference_html/2026-04-13.html (83534 bytes)
[2026-04-14] 正在获取: https://xiaoxiong20260206.github.io/ai-insight/01-daily-reports/2026-04/2026-04-14-v3.html
  ✓ 已保存: /root/.openclaw/workspace/ai-insight-daily/reference_html/2026-04-14.html (97751 bytes)
[2026-04-15] 正在获取: https://xiaoxiong20260206.github.io/ai-insight/01-daily-reports/2026-04/2026-04-15-v3.html
  ✓ 已保存: /root/.openclaw/workspace/ai-insight-daily/reference_html/2026-04-15.html (64181 bytes)

批量获取完成！
文件保存在: /root/.openclaw/workspace/ai-insight-daily/reference_html/
